ARM GAS  /tmp/ccgQprlT.s 			page 1


   1              		.syntax unified
   2              		.cpu cortex-m3
   3              		.fpu softvfp
   4              		.eabi_attribute 20, 1
   5              		.eabi_attribute 21, 1
   6              		.eabi_attribute 23, 3
   7              		.eabi_attribute 24, 1
   8              		.eabi_attribute 25, 1
   9              		.eabi_attribute 26, 1
  10              		.eabi_attribute 30, 1
  11              		.eabi_attribute 34, 1
  12              		.eabi_attribute 18, 4
  13              		.thumb
  14              		.syntax unified
  15              		.file	"adcfastsum16.c"
  16              		.text
  17              	.Ltext0:
  18              		.cfi_sections	.debug_frame
  19              		.section	.text.adcfastsum16,"ax",%progbits
  20              		.align	2
  21              		.global	adcfastsum16
  22              		.thumb
  23              		.thumb_func
  25              	adcfastsum16:
  26              	.LFB69:
  27              		.file 1 "Ourtasks/adcfastsum16.c"
   1:Ourtasks/adcfastsum16.c **** /******************************************************************************
   2:Ourtasks/adcfastsum16.c **** * File Name          : adcfastsum16.c
   3:Ourtasks/adcfastsum16.c **** * Date First Issued  : 03/16/2019
   4:Ourtasks/adcfastsum16.c **** * Description        : Fast sum: ADC DMA buffering--16 sequences, 'N' channels
   5:Ourtasks/adcfastsum16.c **** *******************************************************************************/
   6:Ourtasks/adcfastsum16.c **** 
   7:Ourtasks/adcfastsum16.c **** #include "adcfastsum16.h"
   8:Ourtasks/adcfastsum16.c **** 
   9:Ourtasks/adcfastsum16.c **** /* *************************************************************************
  10:Ourtasks/adcfastsum16.c ****  * void adcfastsum16(struct ADCCHANNEL* pchan, uint16_t* pdma);
  11:Ourtasks/adcfastsum16.c ****  *	@brief	: Inline fast summation: ASSUMES 16 ADC sequences: channels: ADC1IDX_ADCSCANSIZE
  12:Ourtasks/adcfastsum16.c ****  * @param	: pchan = pointer to stuct array for adc1 channels
  13:Ourtasks/adcfastsum16.c ****  * @param	: pdma  = pointer to dma buffer
  14:Ourtasks/adcfastsum16.c ****  * *************************************************************************/
  15:Ourtasks/adcfastsum16.c **** void adcfastsum16(struct ADCCHANNEL* pchan, uint16_t* pdma)
  16:Ourtasks/adcfastsum16.c **** {
  28              		.loc 1 16 0
  29              		.cfi_startproc
  30              		@ args = 0, pretend = 0, frame = 24
  31              		@ frame_needed = 0, uses_anonymous_args = 0
  32              	.LVL0:
  33 0000 2DE9F04F 		push	{r4, r5, r6, r7, r8, r9, r10, fp, lr}
  34              	.LCFI0:
  35              		.cfi_def_cfa_offset 36
  36              		.cfi_offset 4, -36
  37              		.cfi_offset 5, -32
  38              		.cfi_offset 6, -28
  39              		.cfi_offset 7, -24
  40              		.cfi_offset 8, -20
  41              		.cfi_offset 9, -16
  42              		.cfi_offset 10, -12
ARM GAS  /tmp/ccgQprlT.s 			page 2


  43              		.cfi_offset 11, -8
  44              		.cfi_offset 14, -4
  45 0004 87B0     		sub	sp, sp, #28
  46              	.LCFI1:
  47              		.cfi_def_cfa_offset 64
  48 0006 8646     		mov	lr, r0
  49 0008 8C46     		mov	ip, r1
  17:Ourtasks/adcfastsum16.c **** 	struct ADCCHANNEL* pend = pchan + ADC1IDX_ADCSCANSIZE;
  50              		.loc 1 17 0
  51 000a 00F5F073 		add	r3, r0, #480
  52 000e 0593     		str	r3, [sp, #20]
  53              	.LVL1:
  54              	.L2:
  18:Ourtasks/adcfastsum16.c **** 	do
  19:Ourtasks/adcfastsum16.c **** 	{
  20:Ourtasks/adcfastsum16.c **** 		pchan->sum = *pdma
  55              		.loc 1 20 0 discriminator 1
  56 0010 BCF800B0 		ldrh	fp, [ip]
  21:Ourtasks/adcfastsum16.c **** 		 + *(pdma + ADC1IDX_ADCSCANSIZE * 1)
  57              		.loc 1 21 0 discriminator 1
  58 0014 BCF80C30 		ldrh	r3, [ip, #12]
  22:Ourtasks/adcfastsum16.c **** 		 + *(pdma + ADC1IDX_ADCSCANSIZE * 2)
  59              		.loc 1 22 0 discriminator 1
  60 0018 BCF818A0 		ldrh	r10, [ip, #24]
  23:Ourtasks/adcfastsum16.c **** 		 + *(pdma + ADC1IDX_ADCSCANSIZE * 3)
  61              		.loc 1 23 0 discriminator 1
  62 001c BCF82490 		ldrh	r9, [ip, #36]
  24:Ourtasks/adcfastsum16.c **** 		 + *(pdma + ADC1IDX_ADCSCANSIZE * 4)
  63              		.loc 1 24 0 discriminator 1
  64 0020 BCF83080 		ldrh	r8, [ip, #48]
  25:Ourtasks/adcfastsum16.c **** 		 + *(pdma + ADC1IDX_ADCSCANSIZE * 5)
  65              		.loc 1 25 0 discriminator 1
  66 0024 BCF83C70 		ldrh	r7, [ip, #60]
  26:Ourtasks/adcfastsum16.c **** 		 + *(pdma + ADC1IDX_ADCSCANSIZE * 6)
  67              		.loc 1 26 0 discriminator 1
  68 0028 BCF84860 		ldrh	r6, [ip, #72]
  27:Ourtasks/adcfastsum16.c **** 		 + *(pdma + ADC1IDX_ADCSCANSIZE * 7)
  69              		.loc 1 27 0 discriminator 1
  70 002c BCF85450 		ldrh	r5, [ip, #84]
  28:Ourtasks/adcfastsum16.c **** 		 + *(pdma + ADC1IDX_ADCSCANSIZE * 8)
  71              		.loc 1 28 0 discriminator 1
  72 0030 BCF86020 		ldrh	r2, [ip, #96]
  73 0034 0192     		str	r2, [sp, #4]
  29:Ourtasks/adcfastsum16.c **** 		 + *(pdma + ADC1IDX_ADCSCANSIZE * 9)
  74              		.loc 1 29 0 discriminator 1
  75 0036 BCF86C10 		ldrh	r1, [ip, #108]
  76 003a 0291     		str	r1, [sp, #8]
  30:Ourtasks/adcfastsum16.c **** 		 + *(pdma + ADC1IDX_ADCSCANSIZE *10)
  77              		.loc 1 30 0 discriminator 1
  78 003c BCF87800 		ldrh	r0, [ip, #120]
  79 0040 0390     		str	r0, [sp, #12]
  31:Ourtasks/adcfastsum16.c **** 		 + *(pdma + ADC1IDX_ADCSCANSIZE *11)
  80              		.loc 1 31 0 discriminator 1
  81 0042 BCF88440 		ldrh	r4, [ip, #132]
  82 0046 0494     		str	r4, [sp, #16]
  32:Ourtasks/adcfastsum16.c **** 		 + *(pdma + ADC1IDX_ADCSCANSIZE *12)
  83              		.loc 1 32 0 discriminator 1
ARM GAS  /tmp/ccgQprlT.s 			page 3


  84 0048 BCF89040 		ldrh	r4, [ip, #144]
  33:Ourtasks/adcfastsum16.c **** 		 + *(pdma + ADC1IDX_ADCSCANSIZE *13)
  85              		.loc 1 33 0 discriminator 1
  86 004c BCF89C00 		ldrh	r0, [ip, #156]
  34:Ourtasks/adcfastsum16.c **** 		 + *(pdma + ADC1IDX_ADCSCANSIZE *14)
  87              		.loc 1 34 0 discriminator 1
  88 0050 BCF8A810 		ldrh	r1, [ip, #168]
  35:Ourtasks/adcfastsum16.c **** 		 + *(pdma + ADC1IDX_ADCSCANSIZE *15);
  89              		.loc 1 35 0 discriminator 1
  90 0054 BCF8B420 		ldrh	r2, [ip, #180]
  20:Ourtasks/adcfastsum16.c **** 		 + *(pdma + ADC1IDX_ADCSCANSIZE * 1)
  91              		.loc 1 20 0 discriminator 1
  92 0058 5B44     		add	r3, r3, fp
  93 005a 5344     		add	r3, r3, r10
  94 005c 4B44     		add	r3, r3, r9
  95 005e 4344     		add	r3, r3, r8
  96 0060 3B44     		add	r3, r3, r7
  97 0062 3344     		add	r3, r3, r6
  98 0064 2B44     		add	r3, r3, r5
  99 0066 019D     		ldr	r5, [sp, #4]
 100 0068 2B44     		add	r3, r3, r5
 101 006a 029D     		ldr	r5, [sp, #8]
 102 006c 2B44     		add	r3, r3, r5
 103 006e 039D     		ldr	r5, [sp, #12]
 104 0070 2B44     		add	r3, r3, r5
 105 0072 049D     		ldr	r5, [sp, #16]
 106 0074 2B44     		add	r3, r3, r5
 107 0076 1C44     		add	r4, r4, r3
 108 0078 2044     		add	r0, r0, r4
 109 007a 0144     		add	r1, r1, r0
 110 007c 0A44     		add	r2, r2, r1
 111 007e AEF80C20 		strh	r2, [lr, #12]	@ movhi
  36:Ourtasks/adcfastsum16.c **** 
  37:Ourtasks/adcfastsum16.c **** 		pchan += 1;
 112              		.loc 1 37 0 discriminator 1
 113 0082 0EF1500E 		add	lr, lr, #80
 114              	.LVL2:
  38:Ourtasks/adcfastsum16.c **** 		pdma  += 1;
 115              		.loc 1 38 0 discriminator 1
 116 0086 0CF1020C 		add	ip, ip, #2
 117              	.LVL3:
  39:Ourtasks/adcfastsum16.c **** 	} while (pchan != pend);
 118              		.loc 1 39 0 discriminator 1
 119 008a 059B     		ldr	r3, [sp, #20]
 120 008c 7345     		cmp	r3, lr
 121 008e BFD1     		bne	.L2
  40:Ourtasks/adcfastsum16.c **** 	return;
  41:Ourtasks/adcfastsum16.c **** }
 122              		.loc 1 41 0
 123 0090 07B0     		add	sp, sp, #28
 124              	.LCFI2:
 125              		.cfi_def_cfa_offset 36
 126              		@ sp needed
 127 0092 BDE8F08F 		pop	{r4, r5, r6, r7, r8, r9, r10, fp, pc}
 128              		.cfi_endproc
 129              	.LFE69:
 131 0096 00BF     		.text
ARM GAS  /tmp/ccgQprlT.s 			page 4


 132              	.Letext0:
 133              		.file 2 "/home/deh/launchpad/gcc-arm-none-eabi-5_4-2016q3/arm-none-eabi/include/machine/_default_t
 134              		.file 3 "/home/deh/launchpad/gcc-arm-none-eabi-5_4-2016q3/arm-none-eabi/include/sys/_stdint.h"
 135              		.file 4 "Ourtasks/cic_filter_l_N2_M3.h"
 136              		.file 5 "Ourtasks/adcparams.h"
 137              		.file 6 "Drivers/CMSIS/Include/core_cm3.h"
ARM GAS  /tmp/ccgQprlT.s 			page 5


DEFINED SYMBOLS
                            *ABS*:00000000 adcfastsum16.c
     /tmp/ccgQprlT.s:20     .text.adcfastsum16:00000000 $t
     /tmp/ccgQprlT.s:25     .text.adcfastsum16:00000000 adcfastsum16
                     .debug_frame:00000010 $d

NO UNDEFINED SYMBOLS
