ARM GAS  /tmp/ccXzfyY4.s 			page 1


   1              		.syntax unified
   2              		.cpu cortex-m3
   3              		.fpu softvfp
   4              		.eabi_attribute 20, 1
   5              		.eabi_attribute 21, 1
   6              		.eabi_attribute 23, 3
   7              		.eabi_attribute 24, 1
   8              		.eabi_attribute 25, 1
   9              		.eabi_attribute 26, 1
  10              		.eabi_attribute 30, 1
  11              		.eabi_attribute 34, 1
  12              		.eabi_attribute 18, 4
  13              		.thumb
  14              		.syntax unified
  15              		.file	"DTW_counter.c"
  16              		.text
  17              	.Ltext0:
  18              		.cfi_sections	.debug_frame
  19              		.section	.text.DTW_counter_init,"ax",%progbits
  20              		.align	2
  21              		.global	DTW_counter_init
  22              		.thumb
  23              		.thumb_func
  25              	DTW_counter_init:
  26              	.LFB0:
  27              		.file 1 "Ourwares/DTW_counter.c"
   1:Ourwares/DTW_counter.c **** /******************************************************************************
   2:Ourwares/DTW_counter.c **** * File Name          : DTW_counter.c
   3:Ourwares/DTW_counter.c **** * Date First Issued  : 10/21/2013
   4:Ourwares/DTW_counter.c **** * Board              : STM32
   5:Ourwares/DTW_counter.c **** * Description        : Use of the DTW_CYCCNT counter
   6:Ourwares/DTW_counter.c **** *******************************************************************************/
   7:Ourwares/DTW_counter.c **** 
   8:Ourwares/DTW_counter.c **** //#include "common.h"
   9:Ourwares/DTW_counter.c **** 
  10:Ourwares/DTW_counter.c **** /******************************************************************************
  11:Ourwares/DTW_counter.c ****  * void DTW_counter_init(void);
  12:Ourwares/DTW_counter.c ****  * @brief 	: Setup the DTW counter so that it can be read
  13:Ourwares/DTW_counter.c **** *******************************************************************************/
  14:Ourwares/DTW_counter.c **** void DTW_counter_init(void)
  15:Ourwares/DTW_counter.c **** {
  28              		.loc 1 15 0
  29              		.cfi_startproc
  30              		@ args = 0, pretend = 0, frame = 0
  31              		@ frame_needed = 0, uses_anonymous_args = 0
  32              		@ link register save eliminated.
  16:Ourwares/DTW_counter.c **** /* Use DTW_CYCCNT counter for timing */
  17:Ourwares/DTW_counter.c **** /* CYCCNT counter is in the Cortex-M-series core.  See the following for details 
  18:Ourwares/DTW_counter.c **** http://infocenter.arm.com/help/index.jsp?topic=/com.arm.doc.ddi0337g/BABJFFGJ.html */
  19:Ourwares/DTW_counter.c **** 	*(volatile unsigned int*)0xE000EDFC |= 0x01000000; // SCB_DEMCR = 0x01000000;
  33              		.loc 1 19 0
  34 0000 054A     		ldr	r2, .L2
  35 0002 1368     		ldr	r3, [r2]
  36 0004 43F08073 		orr	r3, r3, #16777216
  37 0008 1360     		str	r3, [r2]
  20:Ourwares/DTW_counter.c **** 	*(volatile unsigned int*)0xE0001000 |= 0x1;	// Enable DTW_CYCCNT (Data Watch cycle counter)
  38              		.loc 1 20 0
ARM GAS  /tmp/ccXzfyY4.s 			page 2


  39 000a 044A     		ldr	r2, .L2+4
  40 000c 1368     		ldr	r3, [r2]
  41 000e 43F00103 		orr	r3, r3, #1
  42 0012 1360     		str	r3, [r2]
  43 0014 7047     		bx	lr
  44              	.L3:
  45 0016 00BF     		.align	2
  46              	.L2:
  47 0018 FCED00E0 		.word	-536809988
  48 001c 001000E0 		.word	-536866816
  49              		.cfi_endproc
  50              	.LFE0:
  52              		.text
  53              	.Letext0:
ARM GAS  /tmp/ccXzfyY4.s 			page 3


DEFINED SYMBOLS
                            *ABS*:00000000 DTW_counter.c
     /tmp/ccXzfyY4.s:20     .text.DTW_counter_init:00000000 $t
     /tmp/ccXzfyY4.s:25     .text.DTW_counter_init:00000000 DTW_counter_init
     /tmp/ccXzfyY4.s:47     .text.DTW_counter_init:00000018 $d
                     .debug_frame:00000010 $d

NO UNDEFINED SYMBOLS
