ARM GAS  /tmp/ccCBlSvy.s 			page 1


   1              		.syntax unified
   2              		.cpu cortex-m3
   3              		.fpu softvfp
   4              		.eabi_attribute 20, 1
   5              		.eabi_attribute 21, 1
   6              		.eabi_attribute 23, 3
   7              		.eabi_attribute 24, 1
   8              		.eabi_attribute 25, 1
   9              		.eabi_attribute 26, 1
  10              		.eabi_attribute 30, 1
  11              		.eabi_attribute 34, 1
  12              		.eabi_attribute 18, 4
  13              		.thumb
  14              		.syntax unified
  15              		.file	"getserialbuf.c"
  16              		.text
  17              	.Ltext0:
  18              		.cfi_sections	.debug_frame
  19              		.section	.text.getserialbuf,"ax",%progbits
  20              		.align	2
  21              		.global	getserialbuf
  22              		.thumb
  23              		.thumb_func
  25              	getserialbuf:
  26              	.LFB69:
  27              		.file 1 "Ourwares/getserialbuf.c"
   1:Ourwares/getserialbuf.c **** /******************************************************************************
   2:Ourwares/getserialbuf.c **** * File Name          : getserialbuf.c
   3:Ourwares/getserialbuf.c **** * Date First Issued  : 01/12/2019
   4:Ourwares/getserialbuf.c **** * Description        : Get a buffer  & control block for SerialTaskSend use
   5:Ourwares/getserialbuf.c **** *******************************************************************************/
   6:Ourwares/getserialbuf.c **** 
   7:Ourwares/getserialbuf.c **** #include <malloc.h>
   8:Ourwares/getserialbuf.c **** #include "getserialbuf.h"
   9:Ourwares/getserialbuf.c **** 
  10:Ourwares/getserialbuf.c **** /* Reproduced for convenience from 'SerialTaskSend.h'
  11:Ourwares/getserialbuf.c **** struct SERIALSENDTASKBCB
  12:Ourwares/getserialbuf.c **** {
  13:Ourwares/getserialbuf.c **** 	UART_HandleTypeDef* phuart; // Pointer to 'MX uart handle
  14:Ourwares/getserialbuf.c **** 	osThreadId tskhandle;       // Task handle of originating task
  15:Ourwares/getserialbuf.c **** 	SemaphoreHandle_t semaphore;// Semaphore hanlde
  16:Ourwares/getserialbuf.c **** 	uint8_t	*pbuf;             // Pointer to byte buffer to be sent
  17:Ourwares/getserialbuf.c **** 	uint16_t size;              // Number of bytes to be sent
  18:Ourwares/getserialbuf.c **** 	uint16_t maxsize;           // Buffer size 		
  19:Ourwares/getserialbuf.c **** };
  20:Ourwares/getserialbuf.c **** */
  21:Ourwares/getserialbuf.c **** 
  22:Ourwares/getserialbuf.c **** /* *************************************************************************
  23:Ourwares/getserialbuf.c ****  * struct SERIALSENDTASKBCB* getserialbuf( UART_HandleTypeDef* phuart, uint16_t maxsize);
  24:Ourwares/getserialbuf.c ****  * @brief	: Create a buffer control block (BCB) for serial sending
  25:Ourwares/getserialbuf.c ****  * @param	: phuart = usart handle (pointer)
  26:Ourwares/getserialbuf.c ****  * @param	: size = number of uint8_t bytes for this buffer
  27:Ourwares/getserialbuf.c ****  * @return	: pointer to BCB; NULL = failed
  28:Ourwares/getserialbuf.c ****  * *************************************************************************/
  29:Ourwares/getserialbuf.c **** /*
  30:Ourwares/getserialbuf.c **** Construct a list of "struct NOTEBITLIST" items, for each different usart.
  31:Ourwares/getserialbuf.c **** 
ARM GAS  /tmp/ccCBlSvy.s 			page 2


  32:Ourwares/getserialbuf.c **** The items maintain the bit used by SerialTaskSend to notify the originating
  33:Ourwares/getserialbuf.c **** task that the buffer has been sent and is available for reuse.
  34:Ourwares/getserialbuf.c **** */
  35:Ourwares/getserialbuf.c **** struct SERIALSENDTASKBCB* getserialbuf( UART_HandleTypeDef* phuart, uint16_t maxsize)
  36:Ourwares/getserialbuf.c **** {
  28              		.loc 1 36 0
  29              		.cfi_startproc
  30              		@ args = 0, pretend = 0, frame = 0
  31              		@ frame_needed = 0, uses_anonymous_args = 0
  32              	.LVL0:
  33 0000 F8B5     		push	{r3, r4, r5, r6, r7, lr}
  34              	.LCFI0:
  35              		.cfi_def_cfa_offset 24
  36              		.cfi_offset 3, -24
  37              		.cfi_offset 4, -20
  38              		.cfi_offset 5, -16
  39              		.cfi_offset 6, -12
  40              		.cfi_offset 7, -8
  41              		.cfi_offset 14, -4
  42 0002 0646     		mov	r6, r0
  43 0004 0D46     		mov	r5, r1
  37:Ourwares/getserialbuf.c **** /* This must be called AFTER a FreeRTOS task starts so that this routine can call
  38:Ourwares/getserialbuf.c ****    FreeRTOS to get the task handle.
  39:Ourwares/getserialbuf.c **** 
  40:Ourwares/getserialbuf.c **** 	To avoid problems of a time tick switching tasks in the middle of this routine the
  41:Ourwares/getserialbuf.c ****    FreeRTOS interrupts are locked via "taskENTER_CRITICAL();".
  42:Ourwares/getserialbuf.c **** 
  43:Ourwares/getserialbuf.c **** */
  44:Ourwares/getserialbuf.c **** 	/* BCB: Buffer control block, passed on queue to SerialTaskSend. See SerialTaskSend.h */
  45:Ourwares/getserialbuf.c **** 	struct SERIALSENDTASKBCB* pbcb; // calloc'ed bcb pointer
  46:Ourwares/getserialbuf.c **** 
  47:Ourwares/getserialbuf.c **** 	uint8_t* pbuf;	// callloc'ed byte buffer
  48:Ourwares/getserialbuf.c **** 
  49:Ourwares/getserialbuf.c **** taskENTER_CRITICAL();
  44              		.loc 1 49 0
  45 0006 FFF7FEFF 		bl	vPortEnterCritical
  46              	.LVL1:
  50:Ourwares/getserialbuf.c **** 	/* Get one BCB block */
  51:Ourwares/getserialbuf.c **** 	pbcb = (struct SERIALSENDTASKBCB*)calloc(1, sizeof(struct SERIALSENDTASKBCB));	
  47              		.loc 1 51 0
  48 000a 1421     		movs	r1, #20
  49 000c 0120     		movs	r0, #1
  50 000e FFF7FEFF 		bl	calloc
  51              	.LVL2:
  52:Ourwares/getserialbuf.c **** 	if (pbcb == NULL){taskEXIT_CRITICAL(); return NULL;}
  52              		.loc 1 52 0
  53 0012 18B9     		cbnz	r0, .L2
  54              		.loc 1 52 0 is_stmt 0 discriminator 1
  55 0014 FFF7FEFF 		bl	vPortExitCritical
  56              	.LVL3:
  57 0018 0020     		movs	r0, #0
  58 001a F8BD     		pop	{r3, r4, r5, r6, r7, pc}
  59              	.LVL4:
  60              	.L2:
  61 001c 0446     		mov	r4, r0
  53:Ourwares/getserialbuf.c **** 
  54:Ourwares/getserialbuf.c **** 	/* Get byte buffer */
ARM GAS  /tmp/ccCBlSvy.s 			page 3


  55:Ourwares/getserialbuf.c **** 	pbuf = (uint8_t*)calloc(maxsize, sizeof(uint8_t));	
  62              		.loc 1 55 0 is_stmt 1
  63 001e 0121     		movs	r1, #1
  64 0020 2846     		mov	r0, r5
  65              	.LVL5:
  66 0022 FFF7FEFF 		bl	calloc
  67              	.LVL6:
  56:Ourwares/getserialbuf.c **** 	if (pbuf == NULL) return NULL;
  68              		.loc 1 56 0
  69 0026 0746     		mov	r7, r0
  70 0028 C8B1     		cbz	r0, .L5
  57:Ourwares/getserialbuf.c **** 
  58:Ourwares/getserialbuf.c **** 	/* Initialize the BCB. */
  59:Ourwares/getserialbuf.c **** 	pbcb->phuart    = phuart;  // 'MX uart handle
  71              		.loc 1 59 0
  72 002a 2660     		str	r6, [r4]
  60:Ourwares/getserialbuf.c **** 	pbcb->tskhandle = xTaskGetCurrentTaskHandle();
  73              		.loc 1 60 0
  74 002c FFF7FEFF 		bl	xTaskGetCurrentTaskHandle
  75              	.LVL7:
  76 0030 6060     		str	r0, [r4, #4]
  61:Ourwares/getserialbuf.c **** 	pbcb->pbuf      = pbuf;		// Ptr to uint8_t buffer
  77              		.loc 1 61 0
  78 0032 E760     		str	r7, [r4, #12]
  62:Ourwares/getserialbuf.c **** 	pbcb->maxsize   = maxsize;    // Size of uint8_t buffer
  79              		.loc 1 62 0
  80 0034 6582     		strh	r5, [r4, #18]	@ movhi
  63:Ourwares/getserialbuf.c **** 	pbcb->semaphore = xSemaphoreCreateBinary(); // Semaphore for this buffer
  81              		.loc 1 63 0
  82 0036 0322     		movs	r2, #3
  83 0038 0021     		movs	r1, #0
  84 003a 0120     		movs	r0, #1
  85 003c FFF7FEFF 		bl	xQueueGenericCreate
  86              	.LVL8:
  87 0040 A060     		str	r0, [r4, #8]
  64:Ourwares/getserialbuf.c **** 
  65:Ourwares/getserialbuf.c **** 	if (pbcb->semaphore == NULL){taskEXIT_CRITICAL(); return NULL;}
  88              		.loc 1 65 0
  89 0042 18B9     		cbnz	r0, .L4
  90              		.loc 1 65 0 is_stmt 0 discriminator 1
  91 0044 FFF7FEFF 		bl	vPortExitCritical
  92              	.LVL9:
  93 0048 0020     		movs	r0, #0
  94 004a F8BD     		pop	{r3, r4, r5, r6, r7, pc}
  95              	.LVL10:
  96              	.L4:
  66:Ourwares/getserialbuf.c **** 	xSemaphoreGive(pbcb->semaphore); // Initialize
  97              		.loc 1 66 0 is_stmt 1
  98 004c 0023     		movs	r3, #0
  99 004e 1A46     		mov	r2, r3
 100 0050 1946     		mov	r1, r3
 101 0052 FFF7FEFF 		bl	xQueueGenericSend
 102              	.LVL11:
  67:Ourwares/getserialbuf.c **** 
  68:Ourwares/getserialbuf.c **** taskEXIT_CRITICAL();
 103              		.loc 1 68 0
 104 0056 FFF7FEFF 		bl	vPortExitCritical
ARM GAS  /tmp/ccCBlSvy.s 			page 4


 105              	.LVL12:
  69:Ourwares/getserialbuf.c **** 
  70:Ourwares/getserialbuf.c **** 	return pbcb;
 106              		.loc 1 70 0
 107 005a 2046     		mov	r0, r4
 108 005c F8BD     		pop	{r3, r4, r5, r6, r7, pc}
 109              	.LVL13:
 110              	.L5:
  56:Ourwares/getserialbuf.c **** 
 111              		.loc 1 56 0
 112 005e 0020     		movs	r0, #0
 113              	.LVL14:
  71:Ourwares/getserialbuf.c **** }
 114              		.loc 1 71 0
 115 0060 F8BD     		pop	{r3, r4, r5, r6, r7, pc}
 116              		.cfi_endproc
 117              	.LFE69:
 119 0062 00BF     		.text
 120              	.Letext0:
 121              		.file 2 "/home/deh/launchpad/gcc-arm-none-eabi-5_4-2016q3/arm-none-eabi/include/machine/_default_t
 122              		.file 3 "/home/deh/launchpad/gcc-arm-none-eabi-5_4-2016q3/arm-none-eabi/include/sys/_stdint.h"
 123              		.file 4 "Drivers/CMSIS/Device/ST/STM32F1xx/Include/stm32f103xb.h"
 124              		.file 5 "Drivers/STM32F1xx_HAL_Driver/Inc/stm32f1xx_hal_def.h"
 125              		.file 6 "Drivers/STM32F1xx_HAL_Driver/Inc/stm32f1xx_hal_dma.h"
 126              		.file 7 "Drivers/STM32F1xx_HAL_Driver/Inc/stm32f1xx_hal_uart.h"
 127              		.file 8 "Middlewares/Third_Party/FreeRTOS/Source/portable/GCC/ARM_CM3/portmacro.h"
 128              		.file 9 "Middlewares/Third_Party/FreeRTOS/Source/include/task.h"
 129              		.file 10 "Middlewares/Third_Party/FreeRTOS/Source/include/queue.h"
 130              		.file 11 "Middlewares/Third_Party/FreeRTOS/Source/include/semphr.h"
 131              		.file 12 "Middlewares/Third_Party/FreeRTOS/Source/CMSIS_RTOS/cmsis_os.h"
 132              		.file 13 "Ourwares/SerialTaskSend.h"
 133              		.file 14 "/home/deh/launchpad/gcc-arm-none-eabi-5_4-2016q3/arm-none-eabi/include/malloc.h"
 134              		.file 15 "Drivers/CMSIS/Include/core_cm3.h"
ARM GAS  /tmp/ccCBlSvy.s 			page 5


DEFINED SYMBOLS
                            *ABS*:00000000 getserialbuf.c
     /tmp/ccCBlSvy.s:20     .text.getserialbuf:00000000 $t
     /tmp/ccCBlSvy.s:25     .text.getserialbuf:00000000 getserialbuf
                     .debug_frame:00000010 $d

UNDEFINED SYMBOLS
vPortEnterCritical
calloc
vPortExitCritical
xTaskGetCurrentTaskHandle
xQueueGenericCreate
xQueueGenericSend
