ARM GAS  /tmp/ccCLiZwO.s 			page 1


   1              		.syntax unified
   2              		.cpu cortex-m3
   3              		.fpu softvfp
   4              		.eabi_attribute 20, 1
   5              		.eabi_attribute 21, 1
   6              		.eabi_attribute 23, 3
   7              		.eabi_attribute 24, 1
   8              		.eabi_attribute 25, 1
   9              		.eabi_attribute 26, 1
  10              		.eabi_attribute 30, 1
  11              		.eabi_attribute 34, 1
  12              		.eabi_attribute 18, 4
  13              		.thumb
  14              		.syntax unified
  15              		.file	"stackwatermark.c"
  16              		.text
  17              	.Ltext0:
  18              		.cfi_sections	.debug_frame
  19              		.section	.text.stackwatermark_show,"ax",%progbits
  20              		.align	2
  21              		.global	stackwatermark_show
  22              		.thumb
  23              		.thumb_func
  25              	stackwatermark_show:
  26              	.LFB69:
  27              		.file 1 "Ourtasks/stackwatermark.c"
   1:Ourtasks/stackwatermark.c **** /******************************************************************************
   2:Ourtasks/stackwatermark.c **** * File Name          : stackwatermark.c
   3:Ourtasks/stackwatermark.c **** * Date First Issued  : 01/22/2019
   4:Ourtasks/stackwatermark.c **** * Description        : Output stack watermark
   5:Ourtasks/stackwatermark.c **** *******************************************************************************/
   6:Ourtasks/stackwatermark.c **** 
   7:Ourtasks/stackwatermark.c **** #include "FreeRTOS.h"
   8:Ourtasks/stackwatermark.c **** #include "task.h"
   9:Ourtasks/stackwatermark.c **** #include "cmsis_os.h"
  10:Ourtasks/stackwatermark.c **** #include "SerialTaskSend.h"
  11:Ourtasks/stackwatermark.c **** 
  12:Ourtasks/stackwatermark.c **** #include "stackwatermark.h"
  13:Ourtasks/stackwatermark.c **** #include "yprintf.h"
  14:Ourtasks/stackwatermark.c **** 
  15:Ourtasks/stackwatermark.c **** extern osSemaphoreId sprintfSemaphoreHandle;
  16:Ourtasks/stackwatermark.c **** 
  17:Ourtasks/stackwatermark.c **** /* *************************************************************************
  18:Ourtasks/stackwatermark.c ****  * void stackwatermark_show(osThreadId TaskHandle, struct SERIALSENDTASKBCB** ppbcb, char* pchar);
  19:Ourtasks/stackwatermark.c ****  *	@brief	:
  20:Ourtasks/stackwatermark.c ****  * @param	: TaskHandle = task handle for stackwatermark check  
  21:Ourtasks/stackwatermark.c ****  * @param	: pycb = pointer to stuct to pointer with uart pointers and buffer parameters
  22:Ourtasks/stackwatermark.c ****  * @param	: pchar = pointer to text string to precede stack value number
  23:Ourtasks/stackwatermark.c ****  * *************************************************************************/
  24:Ourtasks/stackwatermark.c **** void stackwatermark_show(osThreadId TaskHandle, struct SERIALSENDTASKBCB** ppbcb, char* pchar)
  25:Ourtasks/stackwatermark.c **** {
  28              		.loc 1 25 0
  29              		.cfi_startproc
  30              		@ args = 0, pretend = 0, frame = 0
  31              		@ frame_needed = 0, uses_anonymous_args = 0
  32              	.LVL0:
  33 0000 38B5     		push	{r3, r4, r5, lr}
ARM GAS  /tmp/ccCLiZwO.s 			page 2


  34              	.LCFI0:
  35              		.cfi_def_cfa_offset 16
  36              		.cfi_offset 3, -16
  37              		.cfi_offset 4, -12
  38              		.cfi_offset 5, -8
  39              		.cfi_offset 14, -4
  40 0002 0C46     		mov	r4, r1
  41 0004 1546     		mov	r5, r2
  26:Ourtasks/stackwatermark.c **** 	UBaseType_t stackwatermark; // For unused task stack space
  27:Ourtasks/stackwatermark.c **** 
  28:Ourtasks/stackwatermark.c **** 		/* Get stack high water mark for tasks of interest. */
  29:Ourtasks/stackwatermark.c **** 		stackwatermark = uxTaskGetStackHighWaterMark( TaskHandle );
  42              		.loc 1 29 0
  43 0006 FFF7FEFF 		bl	uxTaskGetStackHighWaterMark
  44              	.LVL1:
  30:Ourtasks/stackwatermark.c **** 
  31:Ourtasks/stackwatermark.c **** 		yprintf(ppbcb, "\n\r#Stack: %s %3d",pchar, (int)stackwatermark);
  45              		.loc 1 31 0
  46 000a 0346     		mov	r3, r0
  47 000c 2A46     		mov	r2, r5
  48 000e 0249     		ldr	r1, .L3
  49 0010 2046     		mov	r0, r4
  50              	.LVL2:
  51 0012 FFF7FEFF 		bl	yprintf
  52              	.LVL3:
  53 0016 38BD     		pop	{r3, r4, r5, pc}
  54              	.LVL4:
  55              	.L4:
  56              		.align	2
  57              	.L3:
  58 0018 00000000 		.word	.LC0
  59              		.cfi_endproc
  60              	.LFE69:
  62              		.section	.rodata.str1.4,"aMS",%progbits,1
  63              		.align	2
  64              	.LC0:
  65 0000 0A0D2353 		.ascii	"\012\015#Stack: %s %3d\000"
  65      7461636B 
  65      3A202573 
  65      20253364 
  65      00
  66              		.text
  67              	.Letext0:
  68              		.file 2 "/home/deh/launchpad/gcc-arm-none-eabi-5_4-2016q3/arm-none-eabi/include/machine/_default_t
  69              		.file 3 "/home/deh/launchpad/gcc-arm-none-eabi-5_4-2016q3/arm-none-eabi/include/sys/_stdint.h"
  70              		.file 4 "Middlewares/Third_Party/FreeRTOS/Source/portable/GCC/ARM_CM3/portmacro.h"
  71              		.file 5 "Middlewares/Third_Party/FreeRTOS/Source/include/task.h"
  72              		.file 6 "Middlewares/Third_Party/FreeRTOS/Source/include/queue.h"
  73              		.file 7 "Middlewares/Third_Party/FreeRTOS/Source/include/semphr.h"
  74              		.file 8 "Middlewares/Third_Party/FreeRTOS/Source/CMSIS_RTOS/cmsis_os.h"
  75              		.file 9 "Drivers/CMSIS/Device/ST/STM32F1xx/Include/stm32f103xb.h"
  76              		.file 10 "Drivers/STM32F1xx_HAL_Driver/Inc/stm32f1xx_hal_def.h"
  77              		.file 11 "Drivers/STM32F1xx_HAL_Driver/Inc/stm32f1xx_hal_dma.h"
  78              		.file 12 "Drivers/STM32F1xx_HAL_Driver/Inc/stm32f1xx_hal_uart.h"
  79              		.file 13 "Ourwares/SerialTaskSend.h"
  80              		.file 14 "Ourwares/yprintf.h"
  81              		.file 15 "Drivers/CMSIS/Include/core_cm3.h"
ARM GAS  /tmp/ccCLiZwO.s 			page 3


ARM GAS  /tmp/ccCLiZwO.s 			page 4


DEFINED SYMBOLS
                            *ABS*:00000000 stackwatermark.c
     /tmp/ccCLiZwO.s:20     .text.stackwatermark_show:00000000 $t
     /tmp/ccCLiZwO.s:25     .text.stackwatermark_show:00000000 stackwatermark_show
     /tmp/ccCLiZwO.s:58     .text.stackwatermark_show:00000018 $d
     /tmp/ccCLiZwO.s:63     .rodata.str1.4:00000000 $d
                     .debug_frame:00000010 $d

UNDEFINED SYMBOLS
uxTaskGetStackHighWaterMark
yprintf
